*** True densities ***
( -127 , 0 )
( -126 , 0 )
( -125 , 0 )
( -124 , 0 )
( -123 , 0 )
( -122 , 0 )
( -121 , 0 )
( -120 , 0 )
( -119 , 0 )
( -118 , 0 )
( -117 , 0 )
( -116 , 0 )
( -115 , 0 )
( -114 , 0 )
( -113 , 0 )
( -112 , 0 )
( -111 , 0 )
( -110 , 0 )
( -109 , 0 )
( -108 , 0 )
( -107 , 0 )
( -106 , 0 )
( -105 , 0 )
( -104 , 0 )
( -103 , 0 )
( -102 , 0 )
( -101 , 0 )
( -100 , 0 )
( -99 , 0 )
( -98 ,0 )
( -97 , 0 )
( -96 , 0.000160457 )
( -95 , 0.000118009 )
( -94 , 0.000166654 )
( -93 , 0.000158623 )
( -92 , 0.000224349 )
( -91 , 0.000181983 )
( -90 , 0.000305394 )
( -89 , 0.000217623 )
( -88 , 0.000346303 )
( -87 , 0.000295240 )
( -86 , 0.000382650 )
( -85 , 0.000331610 )
( -84 , 0.000556022 )
( -83 , 0.000378994 )
( -82 , 0.000542396 )
( -81 , 0.000507806 )
( -80 , 0.000726802 )
( -79 , 0.000524937 )
( -78 , 0.000838315 )
( -77 , 0.000628860 )
( -76 , 0.000927977 )
( -75 , 0.000823377 )
( -74 , 0.000999626 )
( -73 , 0.000812042 )
( -72 , 0.00140780 )
( -71 , 0.000929097 )
( -70 , 0.00138358 )
( -69 , 0.00118197 )
( -68 , 0.00158383 )
( -67 , 0.00119421 )
( -66 , 0.00187836 )
( -65 , 0.00140812 )
( -64 , 0.00204927 )
( -63 , 0.00173911 )
( -62 , 0.00209869 )
( -61 , 0.00168391 )
( -60 , 0.00290623 )
( -59 , 0.00187240 )
( -58 , 0.00259246 )
( -57 , 0.00231823 )
( -56 , 0.00317847 )
( -55 , 0.00240081 )
( -54 , 0.00357928 )
( -53 , 0.00251179 )
( -52 , 0.00372453 )
( -51 , 0.00308685 )
( -50 , 0.00395339 )
( -49 , 0.00307551 )
( -48 , 0.00503816 )
( -47 , 0.00327781 )
( -46 , 0.00450637 )
( -45 , 0.00419748 )
( -44 , 0.00526819 )
( -43 , 0.00385696 )
( -42 , 0.00601219 )
( -41 , 0.00416929 )
( -40 , 0.00643218 )
( -39 , 0.00504029 )
( -38 , 0.00613423 )
( -37 , 0.00481820 )
( -36 , 0.00796154 )
( -35 , 0.00549076 )
( -34 , 0.00705419 )
( -33 , 0.00620941 )
( -32 , 0.00819059 )
( -31 , 0.00589658 )
( -30 , 0.00928617 )
( -29 , 0.00626989 )
( -28 , 0.00926764 )
( -27 , 0.00752109 )
( -26 , 0.00904147 )
( -25 , 0.00732344 )
( -24 , 0.0115267 )
( -23 , 0.00742592 )
( -22 , 0.0100858 )
( -21 , 0.00890391 )
( -20 , 0.0117309 )
( -19 , 0.00821902 )
( -18 , 0.0124915 )
( -17 , 0.00860599 )
( -16 , 0.0125989 )
( -15 , 0.0104174 )
( -14 , 0.0122899 )
( -13 , 0.00937515 )
( -12 , 0.0149335 )
( -11 , 0.00975925 )
( -10 , 0.0134726 )
( -9 , 0.0113276 )
( -8 , 0.0145038 )
( -7 , 0.0105092 )
( -6 , 0.0153348 )
( -5 , 0.0109904 )
( -4 , 0.0150248 )
( -3 , 0.0120045 )
( -2 , 0.0142432 )
( -1 , 0.0108885 )
( 0 , 0.0189306 )
( 1 , 0.0108885 )
( 2 , 0.0142432 )
( 3 , 0.0120045 )
( 4 , 0.0150248 )
( 5 , 0.0109904 )
( 6 , 0.0153348 )
( 7 , 0.0105092 )
( 8 , 0.0145038 )
( 9 , 0.0113276 )
( 10 , 0.0134726 )
( 11 , 0.00975925 )
( 12 , 0.0149335 )
( 13 , 0.00937515 )
( 14 , 0.0122899 )
( 15 , 0.0104174 )
( 16 , 0.0125989 )
( 17 , 0.00860599 )
( 18 , 0.0124915 )
( 19 , 0.00821902 )
( 20 , 0.0117309 )
( 21 , 0.00890391 )
( 22 , 0.0100858 )
( 23 , 0.00742592 )
( 24 , 0.0115267 )
( 25 , 0.00732344 )
( 26 , 0.00904147 )
( 27 , 0.00752109 )
( 28 , 0.00926764 )
( 29 , 0.00626989 )
( 30 , 0.00928617 )
( 31 , 0.00589658 )
( 32 , 0.00819059 )
( 33 , 0.00620941 )
( 34 , 0.00705419 )
( 35 , 0.00549076 )
( 36 , 0.00796154 )
( 37 , 0.00481820 )
( 38 , 0.00613423 )
( 39 , 0.00504029 )
( 40 , 0.00643218 )
( 41 , 0.00416929 )
( 42 , 0.00601219 )
( 43 , 0.00385696 )
( 44 , 0.00526819 )
( 45 , 0.00419748 )
( 46 , 0.00450637 )
( 47 , 0.00327781 )
( 48 , 0.00503816 )
( 49 , 0.00307551 )
( 50 , 0.00395339 )
( 51 , 0.00308685 )
( 52 , 0.00372453 )
( 53 , 0.00251179 )
( 54 , 0.00357928 )
( 55 , 0.00240081 )
( 56 , 0.00317847 )
( 57 , 0.00231823 )
( 58 , 0.00259246 )
( 59 , 0.00187240 )
( 60 , 0.00290623 )
( 61 , 0.00168391 )
( 62 , 0.00209869 )
( 63 , 0.00173911 )
( 64 , 0.00204927 )
( 65 , 0.00140812 )
( 66 , 0.00187836 )
( 67 , 0.00119421 )
( 68 , 0.00158383 )
( 69 , 0.00118197 )
( 70 , 0.00138358 )
( 71 , 0.000929097 )
( 72 , 0.00140780 )
( 73 , 0.000812042 )
( 74 , 0.000999626 )
( 75 , 0.000823377 )
( 76 , 0.000927977 )
( 77 , 0.000628860 )
( 78 , 0.000838315 )
( 79 , 0.000524937 )
( 80 , 0.000726802 )
( 81 , 0.000507806 )
( 82 , 0.000542396 )
( 83 , 0.000378994 )
( 84 , 0.000556022 )
( 85 , 0.000331610 )
( 86 , 0.000382650 )
( 87 , 0.000295240 )
( 88 , 0.000346303 )
( 89 , 0.000217623 )
( 90 , 0.000305394 )
( 91 , 0.000181983 )
( 92 , 0.000224349 )
( 93 , 0.000158623 )
( 94 , 0.000166654 )
( 95 , 0.000118009 )
( 96 , 0.000160457 )
( 97 , 0 )
( 98 , 0 )
( 99 , 0 )
( 100 , 0 )
( 101 , 0 )
( 102 , 0 )
( 103 , 0 )
( 104 , 0 )
( 105 , 0 )
( 106 , 0)
( 107 , 0 )
( 108 , 0 )
( 109 , 0 )
( 110 ,0 )
( 111 , 0 )
( 112 , 0 )
( 113 , 0 )
( 114 , 0 )
( 115 , 0 )
( 116 , 0 )
( 117 , 0 )
( 118 , 0 )
( 119 , 0 )
( 120 , 0 )
( 121 , 0 )
( 122 , 0 )
( 123 , 0 )
( 124 , 0 )
( 125 , 0 )
( 126 , 0 )
( 127 , 0 )
*** Predicted densities ***
( -127 , 0 )
( -126 , 0 )
( -125 , 0 )
( -124 , 0 )
( -123 , 0 )
( -122 , 0 )
( -121 , 0 )
( -120 , 0 )
( -119 , 0 )
( -118 , 0 )
( -117 , 0 )
( -116 , 0 )
( -115 , 0 )
( -114 , 0 )
( -113 , 0 )
( -112 , 0 )
( -111 , 0 )
( -110 , 0 )
( -109 , 0 )
( -108 , 0 )
( -107 , 0 )
( -106 , 0 )
( -105 , 0 )
( -104 , 0 )
( -103 , 0 )
( -102 , 0 )
( -101 , 0 )
( -100 , 0 )
( -99 , 0 )
( -98 , 0.000103855 )
( -97 , 0 )
( -96 , 0.000159551 )
( -95 , 0.000118361 )
( -94 , 0.000167973 )
( -93 , 0.000160173 )
( -92 , 0.000226491 )
( -91 , 0.000182148 )
( -90 , 0.000303050 )
( -89 , 0.000218453 )
( -88 , 0.000344933 )
( -87 , 0.000297272 )
( -86 , 0.000382665 )
( -85 , 0.000332730 )
( -84 , 0.000566971 )
( -83 , 0.000379630 )
( -82 , 0.000543556 )
( -81 , 0.000503188 )
( -80 , 0.000718760 )
( -79 , 0.000525731 )
( -78 , 0.000842466 )
( -77 , 0.000629717 )
( -76 , 0.000938981 )
( -75 , 0.000826663 )
( -74 , 0.000999510 )
( -73 , 0.000812491 )
( -72 , 0.00138575 )
( -71 , 0.000929895 )
( -70 , 0.00138708 )
( -69 , 0.00118777 )
( -68 , 0.00160137 )
( -67 , 0.00119365 )
( -66 , 0.00188793 )
( -65 , 0.00140858 )
( -64 , 0.00202495 )
( -63 , 0.00172512 )
( -62 , 0.00209673 )
( -61 , 0.00168258 )
( -60 , 0.00294495 )
( -59 , 0.00187048 )
( -58 , 0.00259108 )
( -57 , 0.00232791 )
( -56 , 0.00315768 )
( -55 , 0.00239908 )
( -54 , 0.00353882 )
( -53 , 0.00251110 )
( -52 , 0.00375836 )
( -51 , 0.00310102 )
( -50 , 0.00394567 )
( -49 , 0.00307271 )
( -48 , 0.00500523 )
( -47 , 0.00327629 )
( -46 , 0.00450524 )
( -45 , 0.00415829 )
( -44 , 0.00531087 )
( -43 , 0.00385433 )
( -42 , 0.00603607 )
( -41 , 0.00416771 )
( -40 , 0.00639703 )
( -39 , 0.00506303 )
( -38 , 0.00613045 )
( -37 , 0.00481755 )
( -36 , 0.00795624 )
( -35 , 0.00548849 )
( -34 , 0.00705189 )
( -33 , 0.00623853 )
( -32 , 0.00809337 )
( -31 , 0.00589033 )
( -30 , 0.00932774 )
( -29 , 0.00626500 )
( -28 , 0.00934345 )
( -27 , 0.00744108 )
( -26 , 0.00904272 )
( -25 , 0.00731377 )
( -24 , 0.0115098 )
( -23 , 0.00741965 )
( -22 , 0.0100844 )
( -21 , 0.00893806 )
( -20 , 0.0118355 )
( -19 , 0.00821833 )
( -18 , 0.0123731 )
( -17 , 0.00860249 )
( -16 , 0.0124631 )
( -15 , 0.0104622 )
( -14 , 0.0122793 )
( -13 , 0.00936978 )
( -12 , 0.0151340 )
( -11 , 0.00975676 )
( -10 , 0.0134828 )
( -9 , 0.0112211 )
( -8 , 0.0144120 )
( -7 , 0.0104988 )
( -6 , 0.0153950 )
( -5 , 0.0109857 )
( -4 , 0.0151566 )
( -3 , 0.0120620 )
( -2 , 0.0142424 )
( -1 , 0.0108822 )
( 0 , 0.0190100 )
( 1 , 0.0108822 )
( 2 , 0.0142424 )
( 3 , 0.0120620 )
( 4 , 0.0151566 )
( 5 , 0.0109857 )
( 6 , 0.0153950 )
( 7 , 0.0104988 )
( 8 , 0.0144120 )
( 9 , 0.0112211 )
( 10 , 0.0134828 )
( 11 , 0.00975676 )
( 12 , 0.0151340 )
( 13 , 0.00936978 )
( 14 , 0.0122793 )
( 15 , 0.0104622 )
( 16 , 0.0124631 )
( 17 , 0.00860249 )
( 18 , 0.0123731 )
( 19 , 0.00821833 )
( 20 , 0.0118355 )
( 21 , 0.00893806 )
( 22 , 0.0100844 )
( 23 , 0.00741965 )
( 24 , 0.0115098 )
( 25 , 0.00731377 )
( 26 , 0.00904272 )
( 27 , 0.00744108 )
( 28 , 0.00934345 )
( 29 , 0.00626500 )
( 30 , 0.00932774 )
( 31 , 0.00589033 )
( 32 , 0.00809337 )
( 33 , 0.00623853 )
( 34 , 0.00705189 )
( 35 , 0.00548849 )
( 36 , 0.00795624 )
( 37 , 0.00481755 )
( 38 , 0.00613045 )
( 39 , 0.00506303 )
( 40 , 0.00639703 )
( 41 , 0.00416771 )
( 42 , 0.00603607 )
( 43 , 0.00385433 )
( 44 , 0.00531087 )
( 45 , 0.00415829 )
( 46 , 0.00450524 )
( 47 , 0.00327629 )
( 48 , 0.00500523 )
( 49 , 0.00307271 )
( 50 , 0.00394567 )
( 51 , 0.00310102 )
( 52 , 0.00375836 )
( 53 , 0.00251110 )
( 54 , 0.00353882 )
( 55 , 0.00239908 )
( 56 , 0.00315768 )
( 57 , 0.00232791 )
( 58 , 0.00259108 )
( 59 , 0.00187048 )
( 60 , 0.00294495 )
( 61 , 0.00168258 )
( 62 , 0.00209673 )
( 63 , 0.00172512 )
( 64 , 0.00202495 )
( 65 , 0.00140858 )
( 66 , 0.00188793 )
( 67 , 0.00119365 )
( 68 , 0.00160137 )
( 69 , 0.00118777 )
( 70 , 0.00138708 )
( 71 , 0.000929895 )
( 72 , 0.00138575 )
( 73 , 0.000812491 )
( 74 , 0.000999510 )
( 75 , 0.000826663 )
( 76 , 0.000938981 )
( 77 , 0.000629717 )
( 78 , 0.000842466 )
( 79 , 0.000525731 )
( 80 , 0.000718760 )
( 81 , 0.000503188 )
( 82 , 0.000543556 )
( 83 , 0.000379630 )
( 84 , 0.000566971 )
( 85 , 0.000332730 )
( 86 , 0.000382665 )
( 87 , 0.000297272 )
( 88 , 0.000344933 )
( 89 , 0.000218453 )
( 90 , 0.000303050 )
( 91 , 0.000182148 )
( 92 , 0.000226491 )
( 93 , 0.000160173 )
( 94 , 0.000167973 )
( 95 , 0.000118361 )
( 96 , 0.000159551 )
( 97 , 0 )
( 98 , 0.000103855 )
( 99 , 0 )
( 100 , 0 )
( 101 , 0 )
( 102 ,0 )
( 103 , 0 )
( 104 , 0 )
( 105 , 0 )
( 106 , 0 )
( 107 , 0 )
( 108 , 0 )
( 109 , 0 )
( 110 , 0 )
( 111 , 0 )
( 112 , 0 )
( 113 , 0 )
( 114 , 0 )
( 115 , 0 )
( 116 , 0 )
( 117 , 0 )
( 118 , 0 )
( 119 , 0 )
( 120 , 0 )
( 121 , 0 )
( 122 , 0 )
( 123 , 0 )
( 124 , 0 )
( 125 , 0 )
( 126 , 0 )
( 127 , 0 )
*** Smooth interpolation using the Sato-Tate density ***
( -127 , 0 )
( -126 , 0 )
( -125 , 0 )
( -124 , 0 )
( -123 , 0 )
( -122 , 0 )
( -121 , 0 )
( -120 , 0 )
( -119 , 0 )
( -118 , 0 )
( -117 , 0 )
( -116 , 0 )
( -115 , 0 )
( -114 , 0 )
( -113 , 0 )
( -112 , 0 )
( -111 , 0 )
( -110 , 0 )
( -109 , 0 )
( -108 , 0 )
( -107 ,0 )
( -106 , 0 )
( -105 , 0 )
( -104 , 0 )
( -103 , 0 )
( -102 , 0 )
( -101 ,0 )
( -100 , 0 )
( -99 , 0 )
( -98 , 0 )
( -97 , 0.000109854 )
( -96 , 0.000124895 )
( -95 , 0.000141488 )
( -94 , 0.000159237 )
( -93 , 0.000178166 )
( -92 , 0.000198730 )
( -91 , 0.000221364 )
( -90 , 0.000246095 )
( -89 , 0.000272608 )
( -88 , 0.000300707 )
( -87 , 0.000330606 )
( -86 , 0.000362765 )
( -85 , 0.000397497 )
( -84 , 0.000434736 )
( -83 , 0.000474204 )
( -82 , 0.000515777 )
( -81 , 0.000559675 )
( -80 , 0.000606320 )
( -79 , 0.000656013 )
( -78 , 0.000708735 )
( -77 , 0.000764245 )
( -76 , 0.000822385 )
( -75 , 0.000883278 )
( -74 , 0.000947290 )
( -73 , 0.00101477 )
( -72 , 0.00108583 )
( -71 , 0.00116029 )
( -70 , 0.00123795 )
( -69 , 0.00131874 )
( -68 , 0.00140291 )
( -67 , 0.00149082 )
( -66 , 0.00158273 )
( -65 , 0.00167866 )
( -64 , 0.00177839 )
( -63 , 0.00188170 )
( -62 , 0.00198860 )
( -61 , 0.00209933 )
( -60 , 0.00221422 )
( -59 , 0.00233351 )
( -58 , 0.00245717 )
( -57 , 0.00258496 )
( -56 , 0.00271666 )
( -55 , 0.00285221 )
( -54 , 0.00299180 )
( -53 , 0.00313575 )
( -52 , 0.00328429 )
( -51 , 0.00343743 )
( -50 , 0.00359491 )
( -49 , 0.00375644 )
( -48 , 0.00392186 )
( -47 , 0.00409124 )
( -46 , 0.00426486 )
( -45 , 0.00444297 )
( -44 , 0.00462565 )
( -43 , 0.00481267 )
( -42 , 0.00500365 )
( -41 , 0.00519828 )
( -40 , 0.00539644 )
( -39 , 0.00559829 )
( -38 , 0.00580409 )
( -37 , 0.00601399 )
( -36 , 0.00622787 )
( -35 , 0.00644530 )
( -34 , 0.00666580 )
( -33 , 0.00688899 )
( -32 , 0.00711476 )
( -31 , 0.00734329 )
( -30 , 0.00757478 )
( -29 , 0.00780926 )
( -28 , 0.00804637 )
( -27 , 0.00828551 )
( -26 , 0.00852594 )
( -25 , 0.00876717 )
( -24 , 0.00900909 )
( -23 , 0.00925180 )
( -22 , 0.00949544 )
( -21 , 0.00973986 )
( -20 , 0.00998445 )
( -19 , 0.0102282 )
( -18 , 0.0104700 )
( -17 , 0.0107092 )
( -16 , 0.0109454 )
( -15 , 0.0111786 )
( -14 , 0.0114091 )
( -13 , 0.0116362 )
( -12 , 0.0118588 )
( -11 , 0.0120752 )
( -10 , 0.0122834 )
( -9 , 0.0124819 )
( -8 , 0.0126701 )
( -7 , 0.0128478 )
( -6 , 0.0130148 )
( -5 , 0.0131700 )
( -4 , 0.0133101 )
( -3 , 0.0134299 )
( -2 , 0.0135226 )
( -1 , 0.0135815 )
( 0 , 0.0136018 )
( 1 , 0.0135815 )
( 2 , 0.0135226 )
( 3 , 0.0134299 )
( 4 , 0.0133101 )
( 5 , 0.0131700 )
( 6 , 0.0130148 )
( 7 , 0.0128478 )
( 8 , 0.0126701 )
( 9 , 0.0124819 )
( 10 , 0.0122834 )
( 11 , 0.0120752 )
( 12 , 0.0118588 )
( 13 , 0.0116362 )
( 14 , 0.0114091 )
( 15 , 0.0111786 )
( 16 , 0.0109454 )
( 17 , 0.0107092 )
( 18 , 0.0104700 )
( 19 , 0.0102282 )
( 20 , 0.00998445 )
( 21 , 0.00973986 )
( 22 , 0.00949544 )
( 23 , 0.00925180 )
( 24 , 0.00900909 )
( 25 , 0.00876717 )
( 26 , 0.00852594 )
( 27 , 0.00828551 )
( 28 , 0.00804637 )
( 29 , 0.00780926 )
( 30 , 0.00757478 )
( 31 , 0.00734329 )
( 32 , 0.00711476 )
( 33 , 0.00688899 )
( 34 , 0.00666580 )
( 35 , 0.00644530 )
( 36 , 0.00622787 )
( 37 , 0.00601399 )
( 38 , 0.00580409 )
( 39 , 0.00559829 )
( 40 , 0.00539644 )
( 41 , 0.00519828 )
( 42 , 0.00500365 )
( 43 , 0.00481267 )
( 44 , 0.00462565 )
( 45 , 0.00444297 )
( 46 , 0.00426486 )
( 47 , 0.00409124 )
( 48 , 0.00392186 )
( 49 , 0.00375644 )
( 50 , 0.00359491 )
( 51 , 0.00343743 )
( 52 , 0.00328429 )
( 53 , 0.00313575 )
( 54 , 0.00299180 )
( 55 , 0.00285221 )
( 56 , 0.00271666 )
( 57 , 0.00258496 )
( 58 , 0.00245717 )
( 59 , 0.00233351 )
( 60 , 0.00221422 )
( 61 , 0.00209933 )
( 62 , 0.00198860 )
( 63 , 0.00188170 )
( 64 , 0.00177839 )
( 65 , 0.00167866 )
( 66 , 0.00158273 )
( 67 , 0.00149082 )
( 68 , 0.00140291 )
( 69 , 0.00131874 )
( 70 , 0.00123795 )
( 71 , 0.00116029 )
( 72 , 0.00108583 )
( 73 , 0.00101477 )
( 74 , 0.000947290 )
( 75 , 0.000883278 )
( 76 , 0.000822385 )
( 77 , 0.000764245 )
( 78 , 0.000708735 )
( 79 , 0.000656013 )
( 80 , 0.000606320 )
( 81 , 0.000559675 )
( 82 , 0.000515777 )
( 83 , 0.000474204 )
( 84 , 0.000434736 )
( 85 , 0.000397497 )
( 86 , 0.000362765 )
( 87 , 0.000330606 )
( 88 , 0.000300707 )
( 89 , 0.000272608 )
( 90 , 0.000246095 )
( 91 , 0.000221364 )
( 92 , 0.000198730 )
( 93 , 0.000178166 )
( 94 , 0.000159237 )
( 95 , 0.000141488 )
( 96 , 0.000124895 )
( 97 , 0.000109854 )
( 98 , 0 )
( 99 , 0 )
( 100 , 0 )
( 101 , 0 )
( 102 , 0 )
( 103 , 0 )
( 104 , 0 )
( 105 , 0 )
( 106 , 0 )
( 107 , 0 )
( 108 , 0 )
( 109 , 0 )
( 110 , 0 )
( 111 , 0 )
( 112 , 0 )
( 113 , 0 )
( 114 , 0 )
( 115 , 0 )
( 116 , 0 )
( 117 , 0 )
( 118 , 0 )
( 119 , 0 )
( 120 , 0 )
( 121 , 0 )
( 122 , 0 )
( 123 , 0 )
( 124 , 0 )
( 125 , 0 )
( 126 , 0 )
( 127 , 0 )